<?xml version="1.0" encoding="UTF-8"?>
<coverage generated="1515688411809" clover="3.2.0">
  <project timestamp="1515688411809" name="All files">
    <metrics statements="94" coveredstatements="80" conditionals="18" coveredconditionals="10" methods="14" coveredmethods="11" elements="126" coveredelements="101" complexity="0" loc="94" ncloc="94" packages="2" files="2" classes="2">
      <package name="Assignment">
        <metrics statements="89" coveredstatements="75" conditionals="18" coveredconditionals="10" methods="14" coveredmethods="11"/>
        <file name="index.js" path="/home/valentina/Università/SE2/esempi/Assignment/index.js">
          <metrics statements="89" coveredstatements="75" conditionals="18" coveredconditionals="10" methods="14" coveredmethods="11"/>
          <line num="1" count="1" type="stmt"/>
          <line num="2" count="1" type="stmt"/>
          <line num="4" count="1" type="stmt"/>
          <line num="5" count="1" type="stmt"/>
          <line num="6" count="1" type="stmt"/>
          <line num="7" count="1" type="stmt"/>
          <line num="8" count="1" type="stmt"/>
          <line num="11" count="1" type="stmt"/>
          <line num="13" count="1" type="stmt"/>
          <line num="16" count="1" type="stmt"/>
          <line num="17" count="1" type="stmt"/>
          <line num="19" count="1" type="stmt"/>
          <line num="20" count="1" type="stmt"/>
          <line num="22" count="1" type="stmt"/>
          <line num="23" count="1" type="stmt"/>
          <line num="28" count="1" type="stmt"/>
          <line num="29" count="1" type="stmt"/>
          <line num="30" count="0" type="stmt"/>
          <line num="33" count="1" type="cond" truecount="2" falsecount="0"/>
          <line num="35" count="1" type="stmt"/>
          <line num="37" count="5" type="stmt"/>
          <line num="39" count="5" type="stmt"/>
          <line num="40" count="5" type="stmt"/>
          <line num="41" count="5" type="cond" truecount="1" falsecount="1"/>
          <line num="42" count="0" type="stmt"/>
          <line num="43" count="0" type="stmt"/>
          <line num="46" count="5" type="stmt"/>
          <line num="49" count="1" type="stmt"/>
          <line num="51" count="1" type="stmt"/>
          <line num="52" count="1" type="stmt"/>
          <line num="53" count="1" type="stmt"/>
          <line num="54" count="1" type="stmt"/>
          <line num="58" count="1" type="stmt"/>
          <line num="60" count="1" type="stmt"/>
          <line num="61" count="1" type="stmt"/>
          <line num="62" count="1" type="cond" truecount="1" falsecount="1"/>
          <line num="63" count="0" type="stmt"/>
          <line num="64" count="0" type="stmt"/>
          <line num="68" count="1" type="stmt"/>
          <line num="70" count="1" type="stmt"/>
          <line num="74" count="1" type="stmt"/>
          <line num="75" count="1" type="stmt"/>
          <line num="78" count="1" type="stmt"/>
          <line num="79" count="1" type="stmt"/>
          <line num="80" count="1" type="stmt"/>
          <line num="81" count="1" type="cond" truecount="1" falsecount="1"/>
          <line num="82" count="1" type="stmt"/>
          <line num="83" count="1" type="stmt"/>
          <line num="88" count="1" type="stmt"/>
          <line num="89" count="1" type="stmt"/>
          <line num="98" count="1" type="stmt"/>
          <line num="99" count="1" type="cond" truecount="1" falsecount="1"/>
          <line num="101" count="1" type="stmt"/>
          <line num="102" count="1" type="stmt"/>
          <line num="107" count="1" type="stmt"/>
          <line num="108" count="2" type="stmt"/>
          <line num="109" count="2" type="stmt"/>
          <line num="110" count="2" type="stmt"/>
          <line num="111" count="2" type="stmt"/>
          <line num="113" count="2" type="stmt"/>
          <line num="114" count="2" type="stmt"/>
          <line num="115" count="2" type="stmt"/>
          <line num="116" count="2" type="stmt"/>
          <line num="117" count="2" type="cond" truecount="1" falsecount="1"/>
          <line num="118" count="0" type="stmt"/>
          <line num="119" count="0" type="stmt"/>
          <line num="121" count="2" type="cond" truecount="2" falsecount="0"/>
          <line num="122" count="1" type="stmt"/>
          <line num="123" count="1" type="stmt"/>
          <line num="126" count="1" type="stmt"/>
          <line num="127" count="1" type="stmt"/>
          <line num="128" count="1" type="stmt"/>
          <line num="129" count="1" type="stmt"/>
          <line num="130" count="1" type="cond" truecount="1" falsecount="1"/>
          <line num="131" count="0" type="stmt"/>
          <line num="132" count="0" type="stmt"/>
          <line num="135" count="1" type="stmt"/>
          <line num="136" count="1" type="stmt"/>
          <line num="137" count="1" type="stmt"/>
          <line num="145" count="1" type="stmt"/>
          <line num="146" count="0" type="stmt"/>
          <line num="147" count="0" type="stmt"/>
          <line num="148" count="0" type="stmt"/>
          <line num="150" count="1" type="stmt"/>
          <line num="151" count="0" type="cond" truecount="0" falsecount="2"/>
          <line num="152" count="0" type="stmt"/>
          <line num="157" count="1" type="stmt"/>
          <line num="158" count="1" type="stmt"/>
          <line num="161" count="1" type="stmt"/>
        </file>
      </package>
      <package name="Assignment.modules">
        <metrics statements="5" coveredstatements="5" conditionals="0" coveredconditionals="0" methods="0" coveredmethods="0"/>
        <file name="assignmentDB.js" path="/home/valentina/Università/SE2/esempi/Assignment/modules/assignmentDB.js">
          <metrics statements="5" coveredstatements="5" conditionals="0" coveredconditionals="0" methods="0" coveredmethods="0"/>
          <line num="1" count="1" type="stmt"/>
          <line num="2" count="1" type="stmt"/>
          <line num="5" count="1" type="stmt"/>
          <line num="13" count="1" type="stmt"/>
          <line num="15" count="1" type="stmt"/>
        </file>
      </package>
    </metrics>
  </project>
</coverage>
