{"/home/valentina/Università/SE2/esempi/Assignment/index.js": {"path":"/home/valentina/Università/SE2/esempi/Assignment/index.js","statementMap":{"0":{"start":{"line":1,"column":12},"end":{"line":1,"column":14}},"1":{"start":{"line":2,"column":9},"end":{"line":2,"column":10}},"2":{"start":{"line":4,"column":14},"end":{"line":4,"column":32}},"3":{"start":{"line":5,"column":17},"end":{"line":5,"column":39}},"4":{"start":{"line":6,"column":15},"end":{"line":6,"column":34}},"5":{"start":{"line":7,"column":11},"end":{"line":7,"column":26}},"6":{"start":{"line":8,"column":11},"end":{"line":8,"column":26}},"7":{"start":{"line":11,"column":17},"end":{"line":11,"column":50}},"8":{"start":{"line":13,"column":10},"end":{"line":13,"column":19}},"9":{"start":{"line":16,"column":0},"end":{"line":16,"column":41}},"10":{"start":{"line":17,"column":0},"end":{"line":17,"column":46}},"11":{"start":{"line":19,"column":0},"end":{"line":19,"column":49}},"12":{"start":{"line":20,"column":0},"end":{"line":20,"column":27}},"13":{"start":{"line":22,"column":0},"end":{"line":22,"column":34}},"14":{"start":{"line":23,"column":14},"end":{"line":27,"column":3}},"15":{"start":{"line":28,"column":0},"end":{"line":31,"column":2}},"16":{"start":{"line":29,"column":12},"end":{"line":29,"column":54}},"17":{"start":{"line":30,"column":13},"end":{"line":30,"column":75}},"18":{"start":{"line":33,"column":11},"end":{"line":33,"column":35}},"19":{"start":{"line":35,"column":0},"end":{"line":47,"column":3}},"20":{"start":{"line":37,"column":4},"end":{"line":37,"column":43}},"21":{"start":{"line":39,"column":4},"end":{"line":39,"column":51}},"22":{"start":{"line":40,"column":4},"end":{"line":40,"column":97}},"23":{"start":{"line":41,"column":4},"end":{"line":44,"column":5}},"24":{"start":{"line":42,"column":8},"end":{"line":42,"column":77}},"25":{"start":{"line":43,"column":8},"end":{"line":43,"column":40}},"26":{"start":{"line":46,"column":4},"end":{"line":46,"column":11}},"27":{"start":{"line":49,"column":0},"end":{"line":76,"column":3}},"28":{"start":{"line":51,"column":17},"end":{"line":51,"column":32}},"29":{"start":{"line":52,"column":19},"end":{"line":52,"column":36}},"30":{"start":{"line":53,"column":27},"end":{"line":53,"column":52}},"31":{"start":{"line":54,"column":23},"end":{"line":54,"column":25}},"32":{"start":{"line":58,"column":24},"end":{"line":58,"column":136}},"33":{"start":{"line":60,"column":4},"end":{"line":60,"column":47}},"34":{"start":{"line":61,"column":4},"end":{"line":72,"column":7}},"35":{"start":{"line":62,"column":8},"end":{"line":71,"column":9}},"36":{"start":{"line":63,"column":12},"end":{"line":63,"column":51}},"37":{"start":{"line":64,"column":12},"end":{"line":64,"column":36}},"38":{"start":{"line":68,"column":12},"end":{"line":68,"column":24}},"39":{"start":{"line":70,"column":12},"end":{"line":70,"column":39}},"40":{"start":{"line":74,"column":8},"end":{"line":74,"column":29}},"41":{"start":{"line":75,"column":8},"end":{"line":75,"column":21}},"42":{"start":{"line":78,"column":0},"end":{"line":86,"column":3}},"43":{"start":{"line":79,"column":4},"end":{"line":79,"column":48}},"44":{"start":{"line":80,"column":4},"end":{"line":84,"column":7}},"45":{"start":{"line":81,"column":8},"end":{"line":81,"column":35}},"46":{"start":{"line":81,"column":19},"end":{"line":81,"column":33}},"47":{"start":{"line":82,"column":8},"end":{"line":82,"column":25}},"48":{"start":{"line":83,"column":8},"end":{"line":83,"column":22}},"49":{"start":{"line":88,"column":0},"end":{"line":105,"column":3}},"50":{"start":{"line":89,"column":23},"end":{"line":89,"column":46}},"51":{"start":{"line":98,"column":4},"end":{"line":104,"column":4}},"52":{"start":{"line":99,"column":8},"end":{"line":103,"column":9}},"53":{"start":{"line":99,"column":19},"end":{"line":99,"column":45}},"54":{"start":{"line":101,"column":12},"end":{"line":101,"column":46}},"55":{"start":{"line":102,"column":12},"end":{"line":102,"column":37}},"56":{"start":{"line":107,"column":0},"end":{"line":143,"column":3}},"57":{"start":{"line":108,"column":23},"end":{"line":108,"column":46}},"58":{"start":{"line":109,"column":17},"end":{"line":109,"column":32}},"59":{"start":{"line":110,"column":19},"end":{"line":110,"column":36}},"60":{"start":{"line":111,"column":27},"end":{"line":111,"column":52}},"61":{"start":{"line":113,"column":4},"end":{"line":113,"column":42}},"62":{"start":{"line":114,"column":4},"end":{"line":142,"column":7}},"63":{"start":{"line":115,"column":8},"end":{"line":115,"column":29}},"64":{"start":{"line":116,"column":8},"end":{"line":116,"column":25}},"65":{"start":{"line":117,"column":8},"end":{"line":141,"column":9}},"66":{"start":{"line":118,"column":16},"end":{"line":118,"column":40}},"67":{"start":{"line":119,"column":16},"end":{"line":119,"column":40}},"68":{"start":{"line":121,"column":13},"end":{"line":141,"column":9}},"69":{"start":{"line":122,"column":12},"end":{"line":122,"column":48}},"70":{"start":{"line":123,"column":12},"end":{"line":123,"column":46}},"71":{"start":{"line":126,"column":12},"end":{"line":126,"column":32}},"72":{"start":{"line":127,"column":12},"end":{"line":127,"column":36}},"73":{"start":{"line":128,"column":12},"end":{"line":128,"column":52}},"74":{"start":{"line":129,"column":12},"end":{"line":140,"column":15}},"75":{"start":{"line":130,"column":16},"end":{"line":139,"column":17}},"76":{"start":{"line":131,"column":20},"end":{"line":131,"column":59}},"77":{"start":{"line":132,"column":20},"end":{"line":132,"column":44}},"78":{"start":{"line":135,"column":20},"end":{"line":135,"column":39}},"79":{"start":{"line":136,"column":20},"end":{"line":136,"column":37}},"80":{"start":{"line":137,"column":20},"end":{"line":137,"column":45}},"81":{"start":{"line":145,"column":0},"end":{"line":149,"column":3}},"82":{"start":{"line":146,"column":16},"end":{"line":146,"column":38}},"83":{"start":{"line":147,"column":4},"end":{"line":147,"column":21}},"84":{"start":{"line":148,"column":4},"end":{"line":148,"column":14}},"85":{"start":{"line":150,"column":0},"end":{"line":153,"column":3}},"86":{"start":{"line":151,"column":4},"end":{"line":151,"column":34}},"87":{"start":{"line":152,"column":4},"end":{"line":152,"column":50}},"88":{"start":{"line":157,"column":0},"end":{"line":157,"column":17}},"89":{"start":{"line":158,"column":0},"end":{"line":158,"column":45}},"90":{"start":{"line":161,"column":0},"end":{"line":161,"column":21}}},"fnMap":{"0":{"name":"(anonymous_0)","decl":{"start":{"line":29,"column":4},"end":{"line":29,"column":5}},"loc":{"start":{"line":29,"column":10},"end":{"line":29,"column":56}},"line":29},"1":{"name":"(anonymous_1)","decl":{"start":{"line":30,"column":4},"end":{"line":30,"column":5}},"loc":{"start":{"line":30,"column":11},"end":{"line":30,"column":77}},"line":30},"2":{"name":"(anonymous_2)","decl":{"start":{"line":35,"column":8},"end":{"line":35,"column":9}},"loc":{"start":{"line":35,"column":34},"end":{"line":47,"column":1}},"line":35},"3":{"name":"(anonymous_3)","decl":{"start":{"line":49,"column":24},"end":{"line":49,"column":25}},"loc":{"start":{"line":49,"column":42},"end":{"line":76,"column":1}},"line":49},"4":{"name":"(anonymous_4)","decl":{"start":{"line":61,"column":23},"end":{"line":61,"column":24}},"loc":{"start":{"line":61,"column":38},"end":{"line":72,"column":5}},"line":61},"5":{"name":"(anonymous_5)","decl":{"start":{"line":78,"column":23},"end":{"line":78,"column":24}},"loc":{"start":{"line":78,"column":41},"end":{"line":86,"column":1}},"line":78},"6":{"name":"(anonymous_6)","decl":{"start":{"line":80,"column":20},"end":{"line":80,"column":21}},"loc":{"start":{"line":80,"column":40},"end":{"line":84,"column":5}},"line":80},"7":{"name":"(anonymous_7)","decl":{"start":{"line":88,"column":40},"end":{"line":88,"column":41}},"loc":{"start":{"line":88,"column":57},"end":{"line":105,"column":1}},"line":88},"8":{"name":"(anonymous_8)","decl":{"start":{"line":98,"column":52},"end":{"line":98,"column":53}},"loc":{"start":{"line":98,"column":65},"end":{"line":104,"column":2}},"line":98},"9":{"name":"(anonymous_9)","decl":{"start":{"line":107,"column":37},"end":{"line":107,"column":38}},"loc":{"start":{"line":107,"column":55},"end":{"line":143,"column":1}},"line":107},"10":{"name":"(anonymous_10)","decl":{"start":{"line":114,"column":55},"end":{"line":114,"column":56}},"loc":{"start":{"line":114,"column":74},"end":{"line":142,"column":5}},"line":114},"11":{"name":"(anonymous_11)","decl":{"start":{"line":129,"column":21},"end":{"line":129,"column":22}},"loc":{"start":{"line":129,"column":36},"end":{"line":140,"column":13}},"line":129},"12":{"name":"(anonymous_12)","decl":{"start":{"line":145,"column":8},"end":{"line":145,"column":9}},"loc":{"start":{"line":145,"column":28},"end":{"line":149,"column":1}},"line":145},"13":{"name":"(anonymous_13)","decl":{"start":{"line":150,"column":8},"end":{"line":150,"column":9}},"loc":{"start":{"line":150,"column":33},"end":{"line":153,"column":1}},"line":150}},"branchMap":{"0":{"loc":{"start":{"line":33,"column":11},"end":{"line":33,"column":35}},"type":"binary-expr","locations":[{"start":{"line":33,"column":11},"end":{"line":33,"column":27}},{"start":{"line":33,"column":31},"end":{"line":33,"column":35}}],"line":33},"1":{"loc":{"start":{"line":41,"column":4},"end":{"line":44,"column":5}},"type":"if","locations":[{"start":{"line":41,"column":4},"end":{"line":44,"column":5}},{"start":{"line":41,"column":4},"end":{"line":44,"column":5}}],"line":41},"2":{"loc":{"start":{"line":62,"column":8},"end":{"line":71,"column":9}},"type":"if","locations":[{"start":{"line":62,"column":8},"end":{"line":71,"column":9}},{"start":{"line":62,"column":8},"end":{"line":71,"column":9}}],"line":62},"3":{"loc":{"start":{"line":81,"column":8},"end":{"line":81,"column":35}},"type":"if","locations":[{"start":{"line":81,"column":8},"end":{"line":81,"column":35}},{"start":{"line":81,"column":8},"end":{"line":81,"column":35}}],"line":81},"4":{"loc":{"start":{"line":99,"column":8},"end":{"line":103,"column":9}},"type":"if","locations":[{"start":{"line":99,"column":8},"end":{"line":103,"column":9}},{"start":{"line":99,"column":8},"end":{"line":103,"column":9}}],"line":99},"5":{"loc":{"start":{"line":117,"column":8},"end":{"line":141,"column":9}},"type":"if","locations":[{"start":{"line":117,"column":8},"end":{"line":141,"column":9}},{"start":{"line":117,"column":8},"end":{"line":141,"column":9}}],"line":117},"6":{"loc":{"start":{"line":121,"column":13},"end":{"line":141,"column":9}},"type":"if","locations":[{"start":{"line":121,"column":13},"end":{"line":141,"column":9}},{"start":{"line":121,"column":13},"end":{"line":141,"column":9}}],"line":121},"7":{"loc":{"start":{"line":130,"column":16},"end":{"line":139,"column":17}},"type":"if","locations":[{"start":{"line":130,"column":16},"end":{"line":139,"column":17}},{"start":{"line":130,"column":16},"end":{"line":139,"column":17}}],"line":130},"8":{"loc":{"start":{"line":151,"column":15},"end":{"line":151,"column":32}},"type":"binary-expr","locations":[{"start":{"line":151,"column":15},"end":{"line":151,"column":25}},{"start":{"line":151,"column":29},"end":{"line":151,"column":32}}],"line":151}},"s":{"0":1,"1":1,"2":1,"3":1,"4":1,"5":1,"6":1,"7":1,"8":1,"9":1,"10":1,"11":1,"12":1,"13":1,"14":1,"15":1,"16":1,"17":0,"18":1,"19":1,"20":5,"21":5,"22":5,"23":5,"24":0,"25":0,"26":5,"27":1,"28":1,"29":1,"30":1,"31":1,"32":1,"33":1,"34":1,"35":1,"36":0,"37":0,"38":1,"39":1,"40":1,"41":1,"42":1,"43":1,"44":1,"45":1,"46":0,"47":1,"48":1,"49":1,"50":1,"51":1,"52":1,"53":0,"54":1,"55":1,"56":1,"57":2,"58":2,"59":2,"60":2,"61":2,"62":2,"63":2,"64":2,"65":2,"66":0,"67":0,"68":2,"69":1,"70":1,"71":1,"72":1,"73":1,"74":1,"75":1,"76":0,"77":0,"78":1,"79":1,"80":1,"81":1,"82":0,"83":0,"84":0,"85":1,"86":0,"87":0,"88":1,"89":1,"90":1},"f":{"0":1,"1":0,"2":5,"3":1,"4":1,"5":1,"6":1,"7":1,"8":1,"9":2,"10":2,"11":1,"12":0,"13":0},"b":{"0":[1,1],"1":[0,5],"2":[0,1],"3":[0,1],"4":[0,1],"5":[0,2],"6":[1,1],"7":[0,1],"8":[0,0]},"_coverageSchema":"332fd63041d2c1bcb487cc26dd0d5f7d97098a6c","hash":"2de3fcf897d87b0adabcbf7d84de2b5e58e9e068"}
,"/home/valentina/Università/SE2/esempi/Assignment/modules/assignmentDB.js": {"path":"/home/valentina/Università/SE2/esempi/Assignment/modules/assignmentDB.js","statementMap":{"0":{"start":{"line":1,"column":15},"end":{"line":1,"column":34}},"1":{"start":{"line":2,"column":13},"end":{"line":2,"column":28}},"2":{"start":{"line":5,"column":23},"end":{"line":11,"column":2}},"3":{"start":{"line":13,"column":17},"end":{"line":13,"column":63}},"4":{"start":{"line":15,"column":0},"end":{"line":15,"column":28}}},"fnMap":{},"branchMap":{},"s":{"0":1,"1":1,"2":1,"3":1,"4":1},"f":{},"b":{},"_coverageSchema":"332fd63041d2c1bcb487cc26dd0d5f7d97098a6c","hash":"9b3664956c5da55a8749a06a0c8d1ba21fa7dc68"}
}
