TN:
SF:/home/valentina/Università/SE2/esempi/Assignment/index.js
FN:29,(anonymous_0)
FN:30,(anonymous_1)
FN:35,(anonymous_2)
FN:49,(anonymous_3)
FN:61,(anonymous_4)
FN:78,(anonymous_5)
FN:80,(anonymous_6)
FN:88,(anonymous_7)
FN:98,(anonymous_8)
FN:107,(anonymous_9)
FN:114,(anonymous_10)
FN:129,(anonymous_11)
FN:145,(anonymous_12)
FN:150,(anonymous_13)
FNF:14
FNH:11
FNDA:1,(anonymous_0)
FNDA:0,(anonymous_1)
FNDA:5,(anonymous_2)
FNDA:1,(anonymous_3)
FNDA:1,(anonymous_4)
FNDA:1,(anonymous_5)
FNDA:1,(anonymous_6)
FNDA:1,(anonymous_7)
FNDA:1,(anonymous_8)
FNDA:2,(anonymous_9)
FNDA:2,(anonymous_10)
FNDA:1,(anonymous_11)
FNDA:0,(anonymous_12)
FNDA:0,(anonymous_13)
DA:1,1
DA:2,1
DA:4,1
DA:5,1
DA:6,1
DA:7,1
DA:8,1
DA:11,1
DA:13,1
DA:16,1
DA:17,1
DA:19,1
DA:20,1
DA:22,1
DA:23,1
DA:28,1
DA:29,1
DA:30,0
DA:33,1
DA:35,1
DA:37,5
DA:39,5
DA:40,5
DA:41,5
DA:42,0
DA:43,0
DA:46,5
DA:49,1
DA:51,1
DA:52,1
DA:53,1
DA:54,1
DA:58,1
DA:60,1
DA:61,1
DA:62,1
DA:63,0
DA:64,0
DA:68,1
DA:70,1
DA:74,1
DA:75,1
DA:78,1
DA:79,1
DA:80,1
DA:81,1
DA:82,1
DA:83,1
DA:88,1
DA:89,1
DA:98,1
DA:99,1
DA:101,1
DA:102,1
DA:107,1
DA:108,2
DA:109,2
DA:110,2
DA:111,2
DA:113,2
DA:114,2
DA:115,2
DA:116,2
DA:117,2
DA:118,0
DA:119,0
DA:121,2
DA:122,1
DA:123,1
DA:126,1
DA:127,1
DA:128,1
DA:129,1
DA:130,1
DA:131,0
DA:132,0
DA:135,1
DA:136,1
DA:137,1
DA:145,1
DA:146,0
DA:147,0
DA:148,0
DA:150,1
DA:151,0
DA:152,0
DA:157,1
DA:158,1
DA:161,1
LF:89
LH:75
BRDA:33,0,0,1
BRDA:33,0,1,1
BRDA:41,1,0,0
BRDA:41,1,1,5
BRDA:62,2,0,0
BRDA:62,2,1,1
BRDA:81,3,0,0
BRDA:81,3,1,1
BRDA:99,4,0,0
BRDA:99,4,1,1
BRDA:117,5,0,0
BRDA:117,5,1,2
BRDA:121,6,0,1
BRDA:121,6,1,1
BRDA:130,7,0,0
BRDA:130,7,1,1
BRDA:151,8,0,0
BRDA:151,8,1,0
BRF:18
BRH:10
end_of_record
TN:
SF:/home/valentina/Università/SE2/esempi/Assignment/modules/assignmentDB.js
FNF:0
FNH:0
DA:1,1
DA:2,1
DA:5,1
DA:13,1
DA:15,1
LF:5
LH:5
BRF:0
BRH:0
end_of_record
